<?xml version="1.0" encoding="UTF-8"?>
<!-- Generated by org.testng.reporters.JUnitReportReporter -->
<testsuite hostname="LAPTOP-CLABT0HJ" failures="0" tests="2" name="com.luma.Testcase.IndexPageTest" time="25.188" errors="0" timestamp="2024-04-11T21:46:56 IST" skipped="0">
  <testcase classname="com.luma.Testcase.IndexPageTest" name="verifyLogo" time="13.491"/>
  <system-out/>
  <testcase classname="com.luma.Testcase.IndexPageTest" name="myLumaTitle" time="11.697"/>
  <system-out/>
</testsuite> <!-- com.luma.Testcase.IndexPageTest -->
