<?xml version="1.0" encoding="UTF-8"?>
<!-- Generated by org.testng.reporters.JUnitReportReporter -->
<testsuite hostname="LAPTOP-CLABT0HJ" failures="0" tests="1" name="com.luma.Testcase.addtocartpageTest" time="12.600" errors="0" timestamp="2024-04-11T21:46:56 IST" skipped="0">
  <testcase classname="com.luma.Testcase.addtocartpageTest" name="productInfo" time="12.600"/>
  <system-out/>
</testsuite> <!-- com.luma.Testcase.addtocartpageTest -->
