<?xml version="1.0" encoding="UTF-8"?>
<!-- Generated by org.testng.reporters.JUnitReportReporter -->
<testsuite hostname="LAPTOP-CLABT0HJ" failures="0" tests="1" name="com.luma.Testcase.AccountcreatiobtestClass" time="15.783" errors="0" timestamp="2024-04-11T21:46:56 IST" skipped="0">
  <testcase classname="com.luma.Testcase.AccountcreatiobtestClass" name="CreatingAccount" time="15.783"/>
  <system-out/>
</testsuite> <!-- com.luma.Testcase.AccountcreatiobtestClass -->
